000.000 =============================================================
000.000                     Station A                               
000.000 -------------------------------------------------------------
000.000 Protocol.lib, version 4.0, jiangyanjun0718@bupt.edu.cn
000.000 Channel: 8000 bps, 270 ms propagation delay, bit error rate 1.0E-05
000.000 Log file "D:\Network_Lab1\Debug\datalink-A.log", TCP port 59144, debug mask 0x03
000.000 Station A is waiting for station B on TCP port 59144 ... Done.
000.463 New epoch: Sat May  4 15:54:07 2024
000.463 =================================================================
000.463 
000.463 Designed by Ma Jiashuai, build: May  4 2024  15:53:57
000.463 Send DATA 0 with ACK 31, ID 10000
000.720 Send DATA 1 with ACK 31, ID 10001
000.981 Send DATA 2 with ACK 31, ID 10002
001.244 Send DATA 3 with ACK 31, ID 10003
001.520 Send DATA 4 with ACK 31, ID 10004
001.597 [1;37mRecv DATA 0 with [1;32mACK 0[1;37m, ID 20000[0m
001.766 Send DATA 5 with ACK 0, ID 10005
001.843 [1;37mRecv DATA 1 with [1;32mACK 1[1;37m, ID 20001[0m
002.026 Send DATA 6 with ACK 1, ID 10006
002.089 [1;37mRecv DATA 2 with [1;32mACK 1[1;37m, ID 20002[0m
002.288 Send DATA 7 with ACK 2, ID 10007
002.364 [1;31m**** Receiver Error, Bad CRC Checksum[0m
002.364 [1;34mSend NAK 3[0m
002.565 Send DATA 8 with ACK 2, ID 10008
002.640 [1;37mRecv DATA 4 with [1;32mACK 4[1;37m, ID 20004[0m
002.839 Send DATA 9 with ACK 2, ID 10009
002.915 [1;37mRecv DATA 5 with [1;32mACK 5[1;37m, ID 20005[0m
003.116 Send DATA 10 with ACK 2, ID 10010
003.176 [1;37mRecv DATA 6 with [1;32mACK 6[1;37m, ID 20006[0m
003.362 Send DATA 11 with ACK 2, ID 10011
003.453 [1;37mRecv DATA 7 with [1;32mACK 6[1;37m, ID 20007[0m
003.625 Send DATA 12 with ACK 2, ID 10012
003.686 [1;37mRecv DATA 3 with [1;32mACK 7[1;37m, ID 20003[0m
003.687 .... 4 packets received, 3441 bps, 43.01%, Err 1 (4.8e-05)
003.886 Send DATA 13 with ACK 7, ID 10013
003.962 [1;37mRecv DATA 8 with [1;32mACK 9[1;37m, ID 20008[0m
004.177 Send DATA 14 with ACK 8, ID 10014
004.223 [1;37mRecv DATA 9 with [1;32mACK 10[1;37m, ID 20009[0m
004.425 Send DATA 15 with ACK 9, ID 10015
004.487 [1;37mRecv DATA 10 with [1;32mACK 11[1;37m, ID 20010[0m
004.687 Send DATA 16 with ACK 10, ID 10016
004.749 [1;37mRecv DATA 11 with [1;32mACK 11[1;37m, ID 20011[0m
004.950 Send DATA 17 with ACK 11, ID 10017
005.012 [1;37mRecv DATA 12 with [1;32mACK 13[1;37m, ID 20012[0m
005.212 Send DATA 18 with ACK 12, ID 10018
005.289 [1;37mRecv DATA 13 with [1;32mACK 14[1;37m, ID 20013[0m
005.474 Send DATA 19 with ACK 13, ID 10019
005.567 [1;37mRecv DATA 14 with [1;32mACK 14[1;37m, ID 20014[0m
005.750 Send DATA 20 with ACK 14, ID 10020
005.842 [1;37mRecv DATA 15 with [1;32mACK 15[1;37m, ID 20015[0m
005.842 .... 16 packets received, 7222 bps, 90.28%, Err 1 (2.6e-05)
006.027 Send DATA 21 with ACK 15, ID 10021
006.073 [1;37mRecv DATA 16 with [1;32mACK 16[1;37m, ID 20016[0m
006.274 Send DATA 22 with ACK 16, ID 10022
006.351 [1;37mRecv DATA 17 with [1;32mACK 17[1;37m, ID 20017[0m
006.537 Send DATA 23 with ACK 17, ID 10023
006.617 [1;37mRecv DATA 18 with [1;32mACK 18[1;37m, ID 20018[0m
006.803 Send DATA 24 with ACK 18, ID 10024
006.864 [1;37mRecv DATA 19 with [1;32mACK 20[1;37m, ID 20019[0m
007.066 Send DATA 25 with ACK 19, ID 10025
007.143 [1;37mRecv DATA 20 with [1;32mACK 21[1;37m, ID 20020[0m
007.330 Send DATA 26 with ACK 20, ID 10026
007.407 [1;37mRecv DATA 21 with [1;32mACK 22[1;37m, ID 20021[0m
007.594 Send DATA 27 with ACK 21, ID 10027
007.640 [1;37mRecv DATA 22 with [1;32mACK 22[1;37m, ID 20022[0m
007.855 Send DATA 28 with ACK 22, ID 10028
007.902 [1;37mRecv DATA 23 with [1;32mACK 24[1;37m, ID 20023[0m
007.903 .... 24 packets received, 7451 bps, 93.13%, Err 1 (1.8e-05)
008.121 Send DATA 29 with ACK 23, ID 10029
008.168 [1;37mRecv DATA 24 with [1;32mACK 25[1;37m, ID 20024[0m
008.384 Send DATA 30 with ACK 24, ID 10030
008.445 [1;37mRecv DATA 25 with [1;32mACK 26[1;37m, ID 20025[0m
008.643 Send DATA 31 with ACK 25, ID 10031
008.737 [1;37mRecv DATA 26 with [1;32mACK 26[1;37m, ID 20026[0m
008.905 Send DATA 0 with ACK 26, ID 10032
008.967 [1;37mRecv DATA 27 with [1;32mACK 27[1;37m, ID 20027[0m
009.184 Send DATA 1 with ACK 27, ID 10033
009.262 [1;37mRecv DATA 28 with [1;32mACK 29[1;37m, ID 20028[0m
009.433 Send DATA 2 with ACK 28, ID 10034
009.511 [1;37mRecv DATA 29 with [1;32mACK 29[1;37m, ID 20029[0m
009.710 Send DATA 3 with ACK 29, ID 10035
009.740 [1;37mRecv DATA 30 with [1;32mACK 31[1;37m, ID 20030[0m
009.972 Send DATA 4 with ACK 30, ID 10036
010.035 [1;37mRecv DATA 31 with [1;32mACK 31[1;37m, ID 20031[0m
010.035 .... 32 packets received, 7507 bps, 93.84%, Err 1 (1.4e-05)
010.252 Send DATA 5 with ACK 31, ID 10037
010.299 [1;37mRecv DATA 0 with [1;32mACK 1[1;37m, ID 20032[0m
010.503 Send DATA 6 with ACK 0, ID 10038
010.564 [1;37mRecv DATA 1 with [1;32mACK 2[1;37m, ID 20033[0m
010.764 Send DATA 7 with ACK 1, ID 10039
010.825 [1;37mRecv DATA 2 with [1;32mACK 3[1;37m, ID 20034[0m
011.028 Send DATA 8 with ACK 2, ID 10040
011.090 [1;37mRecv DATA 3 with [1;32mACK 4[1;37m, ID 20035[0m
011.304 Send DATA 9 with ACK 3, ID 10041
011.351 [1;37mRecv DATA 4 with [1;32mACK 4[1;37m, ID 20036[0m
011.557 Send DATA 10 with ACK 4, ID 10042
011.619 [1;37mRecv DATA 5 with [1;32mACK 5[1;37m, ID 20037[0m
011.819 Send DATA 11 with ACK 5, ID 10043
011.881 [1;37mRecv DATA 6 with [1;32mACK 7[1;37m, ID 20038[0m
012.082 Send DATA 12 with ACK 6, ID 10044
012.159 [1;37mRecv DATA 7 with [1;32mACK 8[1;37m, ID 20039[0m
012.159 .... 40 packets received, 7547 bps, 94.34%, Err 1 (1.1e-05)
012.345 Send DATA 13 with ACK 7, ID 10045
012.422 [1;37mRecv DATA 8 with [1;32mACK 9[1;37m, ID 20040[0m
012.609 Send DATA 14 with ACK 8, ID 10046
012.671 [1;37mRecv DATA 9 with [1;32mACK 9[1;37m, ID 20041[0m
012.873 Send DATA 15 with ACK 9, ID 10047
012.934 [1;37mRecv DATA 10 with [1;32mACK 10[1;37m, ID 20042[0m
013.135 Send DATA 16 with ACK 10, ID 10048
013.196 [1;37mRecv DATA 11 with [1;32mACK 11[1;37m, ID 20043[0m
013.397 Send DATA 17 with ACK 11, ID 10049
013.474 [1;37mRecv DATA 12 with [1;32mACK 12[1;37m, ID 20044[0m
013.659 Send DATA 18 with ACK 12, ID 10050
013.750 [1;37mRecv DATA 13 with [1;32mACK 13[1;37m, ID 20045[0m
013.934 Send DATA 19 with ACK 13, ID 10051
013.995 [1;37mRecv DATA 14 with [1;32mACK 14[1;37m, ID 20046[0m
014.197 Send DATA 20 with ACK 14, ID 10052
014.244 [1;37mRecv DATA 15 with [1;32mACK 15[1;37m, ID 20047[0m
014.244 .... 48 packets received, 7597 bps, 94.97%, Err 1 (9.5e-06)
014.460 Send DATA 21 with ACK 15, ID 10053
014.506 [1;37mRecv DATA 16 with [1;32mACK 17[1;37m, ID 20048[0m
014.738 Send DATA 22 with ACK 16, ID 10054
014.800 [1;37mRecv DATA 17 with [1;32mACK 17[1;37m, ID 20049[0m
014.986 Send DATA 23 with ACK 17, ID 10055
015.063 [1;37mRecv DATA 18 with [1;32mACK 19[1;37m, ID 20050[0m
015.247 Send DATA 24 with ACK 18, ID 10056
015.308 [1;37mRecv DATA 19 with [1;32mACK 19[1;37m, ID 20051[0m
015.509 Send DATA 25 with ACK 19, ID 10057
015.572 [1;37mRecv DATA 20 with [1;32mACK 21[1;37m, ID 20052[0m
015.772 Send DATA 26 with ACK 20, ID 10058
015.833 [1;37mRecv DATA 21 with [1;32mACK 21[1;37m, ID 20053[0m
016.033 Send DATA 27 with ACK 21, ID 10059
016.111 [1;37mRecv DATA 22 with [1;32mACK 22[1;37m, ID 20054[0m
016.296 Send DATA 28 with ACK 22, ID 10060
016.374 [1;37mRecv DATA 23 with [1;32mACK 23[1;37m, ID 20055[0m
016.375 .... 56 packets received, 7611 bps, 95.14%, Err 1 (8.2e-06)
016.561 Send DATA 29 with ACK 23, ID 10061
016.623 [1;37mRecv DATA 24 with [1;32mACK 24[1;37m, ID 20056[0m
016.839 Send DATA 30 with ACK 24, ID 10062
016.884 [1;37mRecv DATA 25 with [1;32mACK 26[1;37m, ID 20057[0m
017.099 Send DATA 31 with ACK 25, ID 10063
017.174 [1;37mRecv DATA 26 with [1;32mACK 27[1;37m, ID 20058[0m
017.362 Send DATA 0 with ACK 26, ID 10064
017.440 [1;37mRecv DATA 27 with [1;32mACK 28[1;37m, ID 20059[0m
017.642 Send DATA 1 with ACK 27, ID 10065
017.689 [1;37mRecv DATA 28 with [1;32mACK 28[1;37m, ID 20060[0m
017.889 Send DATA 2 with ACK 28, ID 10066
017.951 [1;37mRecv DATA 29 with [1;32mACK 29[1;37m, ID 20061[0m
018.166 Send DATA 3 with ACK 29, ID 10067
018.213 [1;37mRecv DATA 30 with [1;32mACK 30[1;37m, ID 20062[0m
018.429 Send DATA 4 with ACK 30, ID 10068
018.475 [1;37mRecv DATA 31 with [1;32mACK 0[1;37m, ID 20063[0m
018.475 .... 64 packets received, 7634 bps, 95.42%, Err 1 (7.2e-06)
018.679 Send DATA 5 with ACK 31, ID 10069
018.741 [1;37mRecv DATA 0 with [1;32mACK 0[1;37m, ID 20064[0m
018.942 Send DATA 6 with ACK 0, ID 10070
019.002 [1;37mRecv DATA 1 with [1;32mACK 1[1;37m, ID 20065[0m
019.204 Send DATA 7 with ACK 1, ID 10071
019.266 [1;37mRecv DATA 2 with [1;32mACK 2[1;37m, ID 20066[0m
019.484 Send DATA 8 with ACK 2, ID 10072
019.546 [1;37mRecv DATA 3 with [1;32mACK 3[1;37m, ID 20067[0m
019.733 Send DATA 9 with ACK 3, ID 10073
019.779 [1;37mRecv DATA 4 with [1;32mACK 5[1;37m, ID 20068[0m
019.995 Send DATA 10 with ACK 4, ID 10074
020.074 [1;37mRecv DATA 5 with [1;32mACK 6[1;37m, ID 20069[0m
020.261 Send DATA 11 with ACK 5, ID 10075
020.322 [1;37mRecv DATA 6 with [1;32mACK 6[1;37m, ID 20070[0m
020.524 Send DATA 12 with ACK 6, ID 10076
020.585 [1;37mRecv DATA 7 with [1;32mACK 7[1;37m, ID 20071[0m
020.586 .... 72 packets received, 7648 bps, 95.60%, Err 1 (6.4e-06)
020.786 Send DATA 13 with ACK 7, ID 10077
020.848 [1;37mRecv DATA 8 with [1;32mACK 8[1;37m, ID 20072[0m
021.050 Send DATA 14 with ACK 8, ID 10078
021.127 [1;37mRecv DATA 9 with [1;32mACK 9[1;37m, ID 20073[0m
021.315 Send DATA 15 with ACK 9, ID 10079
021.392 [1;37mRecv DATA 10 with [1;32mACK 10[1;37m, ID 20074[0m
021.577 Send DATA 16 with ACK 10, ID 10080
021.654 [1;37mRecv DATA 11 with [1;32mACK 12[1;37m, ID 20075[0m
021.840 Send DATA 17 with ACK 11, ID 10081
021.932 [1;37mRecv DATA 12 with [1;32mACK 13[1;37m, ID 20076[0m
022.104 Send DATA 18 with ACK 12, ID 10082
022.166 [1;37mRecv DATA 13 with [1;32mACK 13[1;37m, ID 20077[0m
022.196 [1;35mRecv NAK 15[0m
022.197 Send DATA 15 with ACK 13, ID 10079
022.459 [1;37mRecv DATA 14 with [1;32mACK 14[1;37m, ID 20078[0m
022.647 Send DATA 19 with ACK 14, ID 10083
022.709 [1;37mRecv DATA 15 with [1;32mACK 14[1;37m, ID 20079[0m
022.710 .... 80 packets received, 7655 bps, 95.68%, Err 1 (5.8e-06)
022.910 Send DATA 20 with ACK 15, ID 10084
022.972 [1;37mRecv DATA 16 with [1;32mACK 14[1;37m, ID 20080[0m
023.174 Send DATA 21 with ACK 16, ID 10085
023.235 [1;37mRecv DATA 17 with [1;32mACK 14[1;37m, ID 20081[0m
023.450 Send DATA 22 with ACK 17, ID 10086
023.497 [1;37mRecv DATA 18 with [1;32mACK 18[1;37m, ID 20082[0m
023.697 Send DATA 23 with ACK 18, ID 10087
023.759 [1;37mRecv DATA 19 with [1;32mACK 18[1;37m, ID 20083[0m
023.961 Send DATA 24 with ACK 19, ID 10088
024.008 [1;37mRecv DATA 20 with [1;32mACK 20[1;37m, ID 20084[0m
024.225 Send DATA 25 with ACK 20, ID 10089
024.302 [1;37mRecv DATA 21 with [1;32mACK 21[1;37m, ID 20085[0m
024.490 Send DATA 26 with ACK 21, ID 10090
024.566 [1;37mRecv DATA 22 with [1;32mACK 22[1;37m, ID 20086[0m
024.752 Send DATA 27 with ACK 22, ID 10091
024.844 [1;37mRecv DATA 23 with [1;32mACK 23[1;37m, ID 20087[0m
024.844 .... 88 packets received, 7656 bps, 95.71%, Err 1 (5.3e-06)
025.015 Send DATA 28 with ACK 23, ID 10092
025.107 [1;37mRecv DATA 24 with [1;32mACK 24[1;37m, ID 20088[0m
025.276 Send DATA 29 with ACK 24, ID 10093
025.352 [1;37mRecv DATA 25 with [1;32mACK 25[1;37m, ID 20089[0m
025.536 Send DATA 30 with ACK 25, ID 10094
025.613 [1;37mRecv DATA 26 with [1;32mACK 26[1;37m, ID 20090[0m
025.813 Send DATA 31 with ACK 26, ID 10095
025.874 [1;37mRecv DATA 27 with [1;32mACK 27[1;37m, ID 20091[0m
026.074 Send DATA 0 with ACK 27, ID 10096
026.136 [1;37mRecv DATA 28 with [1;32mACK 27[1;37m, ID 20092[0m
026.337 Send DATA 1 with ACK 28, ID 10097
026.414 [1;37mRecv DATA 29 with [1;32mACK 29[1;37m, ID 20093[0m
026.602 Send DATA 2 with ACK 29, ID 10098
026.650 [1;37mRecv DATA 30 with [1;32mACK 29[1;37m, ID 20094[0m
026.882 Send DATA 3 with ACK 30, ID 10099
026.945 [1;37mRecv DATA 31 with [1;32mACK 31[1;37m, ID 20095[0m
026.946 .... 96 packets received, 7668 bps, 95.85%, Err 1 (4.8e-06)
027.130 Send DATA 4 with ACK 31, ID 10100
027.205 [1;37mRecv DATA 0 with [1;32mACK 31[1;37m, ID 20096[0m
027.392 Send DATA 5 with ACK 0, ID 10101
027.453 [1;37mRecv DATA 1 with [1;32mACK 1[1;37m, ID 20097[0m
027.654 Send DATA 6 with ACK 1, ID 10102
027.717 [1;37mRecv DATA 2 with [1;32mACK 2[1;37m, ID 20098[0m
027.916 Send DATA 7 with ACK 2, ID 10103
027.993 [1;37mRecv DATA 3 with [1;32mACK 3[1;37m, ID 20099[0m
028.193 Send DATA 8 with ACK 3, ID 10104
028.240 [1;37mRecv DATA 4 with [1;32mACK 3[1;37m, ID 20100[0m
028.440 Send DATA 9 with ACK 4, ID 10105
028.516 [1;37mRecv DATA 5 with [1;32mACK 5[1;37m, ID 20101[0m
028.732 Send DATA 10 with ACK 5, ID 10106
028.778 [1;37mRecv DATA 6 with [1;32mACK 6[1;37m, ID 20102[0m
028.977 Send DATA 11 with ACK 6, ID 10107
029.039 [1;37mRecv DATA 7 with [1;32mACK 6[1;37m, ID 20103[0m
029.040 .... 104 packets received, 7680 bps, 96.00%, Err 1 (4.5e-06)
029.256 Send DATA 12 with ACK 7, ID 10108
029.318 [1;37mRecv DATA 8 with [1;32mACK 8[1;37m, ID 20104[0m
029.504 Send DATA 13 with ACK 8, ID 10109
029.581 [1;37mRecv DATA 9 with [1;32mACK 9[1;37m, ID 20105[0m
029.764 Send DATA 14 with ACK 9, ID 10110
029.841 [1;37mRecv DATA 10 with [1;32mACK 10[1;37m, ID 20106[0m
030.024 Send DATA 15 with ACK 10, ID 10111
030.101 [1;37mRecv DATA 11 with [1;32mACK 11[1;37m, ID 20107[0m
030.302 Send DATA 16 with ACK 11, ID 10112
030.364 [1;37mRecv DATA 12 with [1;32mACK 11[1;37m, ID 20108[0m
030.564 Send DATA 17 with ACK 12, ID 10113
030.625 [1;37mRecv DATA 13 with [1;32mACK 13[1;37m, ID 20109[0m
030.825 Send DATA 18 with ACK 13, ID 10114
030.887 [1;37mRecv DATA 14 with [1;32mACK 13[1;37m, ID 20110[0m
031.103 Send DATA 19 with ACK 14, ID 10115
031.164 [1;37mRecv DATA 15 with [1;32mACK 15[1;37m, ID 20111[0m
031.165 .... 112 packets received, 7682 bps, 96.02%, Err 1 (4.2e-06)
031.364 Send DATA 20 with ACK 15, ID 10116
031.426 [1;37mRecv DATA 16 with [1;32mACK 16[1;37m, ID 20112[0m
031.612 Send DATA 21 with ACK 16, ID 10117
031.689 [1;37mRecv DATA 17 with [1;32mACK 17[1;37m, ID 20113[0m
031.872 Send DATA 22 with ACK 17, ID 10118
031.934 [1;37mRecv DATA 18 with [1;32mACK 18[1;37m, ID 20114[0m
032.149 Send DATA 23 with ACK 18, ID 10119
032.195 [1;37mRecv DATA 19 with [1;32mACK 19[1;37m, ID 20115[0m
032.409 Send DATA 24 with ACK 19, ID 10120
032.470 [1;37mRecv DATA 20 with [1;32mACK 19[1;37m, ID 20116[0m
032.670 Send DATA 25 with ACK 20, ID 10121
032.731 [1;37mRecv DATA 21 with [1;32mACK 21[1;37m, ID 20117[0m
032.933 Send DATA 26 with ACK 21, ID 10122
032.994 [1;37mRecv DATA 22 with [1;32mACK 21[1;37m, ID 20118[0m
033.194 Send DATA 27 with ACK 22, ID 10123
033.301 [1;37mRecv DATA 23 with [1;32mACK 22[1;37m, ID 20119[0m
033.302 .... 120 packets received, 7681 bps, 96.01%, Err 1 (3.9e-06)
033.456 Send DATA 28 with ACK 23, ID 10124
033.532 [1;37mRecv DATA 24 with [1;32mACK 24[1;37m, ID 20120[0m
033.732 Send DATA 29 with ACK 24, ID 10125
033.808 [1;31m**** Receiver Error, Bad CRC Checksum[0m
033.808 [1;34mSend NAK 25[0m
033.994 Send DATA 30 with ACK 24, ID 10126
034.071 [1;37mRecv DATA 26 with [1;32mACK 25[1;37m, ID 20122[0m
034.272 Send DATA 31 with ACK 24, ID 10127
034.333 [1;37mRecv DATA 27 with [1;32mACK 27[1;37m, ID 20123[0m
034.547 Send DATA 0 with ACK 24, ID 10128
034.594 [1;37mRecv DATA 28 with [1;32mACK 27[1;37m, ID 20124[0m
034.793 Send DATA 1 with ACK 24, ID 10129
034.839 [1;37mRecv DATA 29 with [1;32mACK 29[1;37m, ID 20125[0m
035.057 Send DATA 2 with ACK 24, ID 10130
035.103 [1;37mRecv DATA 25 with [1;32mACK 29[1;37m, ID 20121[0m
035.334 Send DATA 3 with ACK 29, ID 10131
035.395 [1;37mRecv DATA 30 with [1;32mACK 30[1;37m, ID 20126[0m
035.395 .... 127 packets received, 7630 bps, 95.37%, Err 2 (7.3e-06)
035.583 Send DATA 4 with ACK 30, ID 10132
035.629 [1;37mRecv DATA 31 with [1;32mACK 31[1;37m, ID 20127[0m
035.862 Send DATA 5 with ACK 31, ID 10133
035.922 [1;37mRecv DATA 0 with [1;32mACK 1[1;37m, ID 20128[0m
036.108 Send DATA 6 with ACK 0, ID 10134
036.184 [1;37mRecv DATA 1 with [1;32mACK 1[1;37m, ID 20129[0m
036.368 Send DATA 7 with ACK 1, ID 10135
036.430 [1;37mRecv DATA 2 with [1;32mACK 2[1;37m, ID 20130[0m
036.632 Send DATA 8 with ACK 2, ID 10136
036.709 [1;37mRecv DATA 3 with [1;32mACK 3[1;37m, ID 20131[0m
036.909 Send DATA 9 with ACK 3, ID 10137
036.969 [1;37mRecv DATA 4 with [1;32mACK 4[1;37m, ID 20132[0m
037.170 Send DATA 10 with ACK 4, ID 10138
037.231 [1;37mRecv DATA 5 with [1;32mACK 6[1;37m, ID 20133[0m
037.431 Send DATA 11 with ACK 5, ID 10139
037.506 [1;37mRecv DATA 6 with [1;32mACK 6[1;37m, ID 20134[0m
037.507 .... 135 packets received, 7637 bps, 95.47%, Err 2 (6.9e-06)
037.692 Send DATA 12 with ACK 6, ID 10140
037.770 [1;37mRecv DATA 7 with [1;32mACK 7[1;37m, ID 20135[0m
037.953 Send DATA 13 with ACK 7, ID 10141
037.999 [1;37mRecv DATA 8 with [1;32mACK 8[1;37m, ID 20136[0m
038.217 Send DATA 14 with ACK 8, ID 10142
038.263 [1;37mRecv DATA 9 with [1;32mACK 9[1;37m, ID 20137[0m
038.481 Send DATA 15 with ACK 9, ID 10143
038.573 [1;37mRecv DATA 10 with [1;32mACK 11[1;37m, ID 20138[0m
038.757 Send DATA 16 with ACK 10, ID 10144
038.819 [1;37mRecv DATA 11 with [1;32mACK 11[1;37m, ID 20139[0m
039.021 Send DATA 17 with ACK 11, ID 10145
039.083 [1;37mRecv DATA 12 with [1;32mACK 13[1;37m, ID 20140[0m
039.284 Send DATA 18 with ACK 12, ID 10146
039.347 [1;37mRecv DATA 13 with [1;32mACK 14[1;37m, ID 20141[0m
039.548 Send DATA 19 with ACK 13, ID 10147
039.608 [1;37mRecv DATA 14 with [1;32mACK 15[1;37m, ID 20142[0m
039.609 .... 143 packets received, 7646 bps, 95.57%, Err 2 (6.5e-06)
039.808 Send DATA 20 with ACK 14, ID 10148
039.871 [1;37mRecv DATA 15 with [1;32mACK 15[1;37m, ID 20143[0m
040.072 Send DATA 21 with ACK 15, ID 10149
040.133 [1;37mRecv DATA 16 with [1;32mACK 17[1;37m, ID 20144[0m
040.333 Send DATA 22 with ACK 16, ID 10150
040.395 [1;37mRecv DATA 17 with [1;32mACK 17[1;37m, ID 20145[0m
040.596 Send DATA 23 with ACK 17, ID 10151
040.657 [1;37mRecv DATA 18 with [1;32mACK 19[1;37m, ID 20146[0m
040.857 Send DATA 24 with ACK 18, ID 10152
040.919 [1;37mRecv DATA 19 with [1;32mACK 19[1;37m, ID 20147[0m
041.122 Send DATA 25 with ACK 19, ID 10153
041.184 [1;37mRecv DATA 20 with [1;32mACK 20[1;37m, ID 20148[0m
041.385 Send DATA 26 with ACK 20, ID 10154
041.447 [1;37mRecv DATA 21 with [1;32mACK 21[1;37m, ID 20149[0m
041.663 Send DATA 27 with ACK 21, ID 10155
041.740 [1;37mRecv DATA 22 with [1;32mACK 23[1;37m, ID 20150[0m
041.741 .... 151 packets received, 7648 bps, 95.60%, Err 2 (6.1e-06)
041.924 Send DATA 28 with ACK 22, ID 10156
041.986 [1;37mRecv DATA 23 with [1;32mACK 24[1;37m, ID 20151[0m
042.184 Send DATA 29 with ACK 23, ID 10157
042.260 [1;37mRecv DATA 24 with [1;32mACK 25[1;37m, ID 20152[0m
042.444 Send DATA 30 with ACK 24, ID 10158
042.507 [1;37mRecv DATA 25 with [1;32mACK 25[1;37m, ID 20153[0m
042.706 Send DATA 31 with ACK 25, ID 10159
042.768 [1;37mRecv DATA 26 with [1;32mACK 26[1;37m, ID 20154[0m
042.971 Send DATA 0 with ACK 26, ID 10160
043.063 [1;37mRecv DATA 27 with [1;32mACK 27[1;37m, ID 20155[0m
043.248 Send DATA 1 with ACK 27, ID 10161
043.309 [1;37mRecv DATA 28 with [1;32mACK 28[1;37m, ID 20156[0m
043.496 Send DATA 2 with ACK 28, ID 10162
043.573 [1;37mRecv DATA 29 with [1;32mACK 30[1;37m, ID 20157[0m
043.773 Send DATA 3 with ACK 29, ID 10163
043.835 [1;37mRecv DATA 30 with [1;32mACK 31[1;37m, ID 20158[0m
043.835 .... 159 packets received, 7657 bps, 95.71%, Err 2 (5.8e-06)
044.038 Send DATA 4 with ACK 30, ID 10164
044.100 [1;37mRecv DATA 31 with [1;32mACK 31[1;37m, ID 20159[0m
044.317 Send DATA 5 with ACK 31, ID 10165
044.363 [1;37mRecv DATA 0 with [1;32mACK 1[1;37m, ID 20160[0m
044.578 Send DATA 6 with ACK 0, ID 10166
044.624 [1;37mRecv DATA 1 with [1;32mACK 1[1;37m, ID 20161[0m
044.823 Send DATA 7 with ACK 1, ID 10167
044.884 [1;37mRecv DATA 2 with [1;32mACK 2[1;37m, ID 20162[0m
045.083 Send DATA 8 with ACK 2, ID 10168
045.145 [1;37mRecv DATA 3 with [1;32mACK 4[1;37m, ID 20163[0m
045.359 Send DATA 9 with ACK 3, ID 10169
045.436 [1;37mRecv DATA 4 with [1;32mACK 5[1;37m, ID 20164[0m
045.607 Send DATA 10 with ACK 4, ID 10170
045.683 [1;37mRecv DATA 5 with [1;32mACK 5[1;37m, ID 20165[0m
045.885 Send DATA 11 with ACK 5, ID 10171
045.948 [1;37mRecv DATA 6 with [1;32mACK 7[1;37m, ID 20166[0m
045.948 .... 167 packets received, 7661 bps, 95.77%, Err 2 (5.6e-06)
046.145 Send DATA 12 with ACK 6, ID 10172
046.208 [1;37mRecv DATA 7 with [1;32mACK 7[1;37m, ID 20167[0m
046.409 Send DATA 13 with ACK 7, ID 10173
046.471 [1;37mRecv DATA 8 with [1;32mACK 9[1;37m, ID 20168[0m
046.672 Send DATA 14 with ACK 8, ID 10174
046.735 [1;37mRecv DATA 9 with [1;32mACK 10[1;37m, ID 20169[0m
046.933 Send DATA 15 with ACK 9, ID 10175
047.023 [1;37mRecv DATA 10 with [1;32mACK 11[1;37m, ID 20170[0m
047.194 Send DATA 16 with ACK 10, ID 10176
047.255 [1;37mRecv DATA 11 with [1;32mACK 11[1;37m, ID 20171[0m
047.457 Send DATA 17 with ACK 11, ID 10177
047.518 [1;37mRecv DATA 12 with [1;32mACK 12[1;37m, ID 20172[0m
047.747 Send DATA 18 with ACK 12, ID 10178
047.793 [1;37mRecv DATA 13 with [1;32mACK 13[1;37m, ID 20173[0m
047.994 Send DATA 19 with ACK 13, ID 10179
048.086 [1;37mRecv DATA 14 with [1;32mACK 15[1;37m, ID 20174[0m
048.086 .... 175 packets received, 7661 bps, 95.77%, Err 2 (5.3e-06)
048.257 Send DATA 20 with ACK 14, ID 10180
048.319 [1;37mRecv DATA 15 with [1;32mACK 16[1;37m, ID 20175[0m
048.535 Send DATA 21 with ACK 15, ID 10181
048.581 [1;37mRecv DATA 16 with [1;32mACK 17[1;37m, ID 20176[0m
048.781 Send DATA 22 with ACK 16, ID 10182
048.843 [1;37mRecv DATA 17 with [1;32mACK 17[1;37m, ID 20177[0m
049.044 Send DATA 23 with ACK 17, ID 10183
049.105 [1;37mRecv DATA 18 with [1;32mACK 18[1;37m, ID 20178[0m
049.304 Send DATA 24 with ACK 18, ID 10184
049.366 [1;37mRecv DATA 19 with [1;32mACK 19[1;37m, ID 20179[0m
049.581 Send DATA 25 with ACK 19, ID 10185
049.673 [1;37mRecv DATA 20 with [1;32mACK 20[1;37m, ID 20180[0m
049.840 Send DATA 26 with ACK 20, ID 10186
049.916 [1;37mRecv DATA 21 with [1;32mACK 21[1;37m, ID 20181[0m
050.100 Send DATA 27 with ACK 21, ID 10187
050.162 [1;37mRecv DATA 22 with [1;32mACK 23[1;37m, ID 20182[0m
050.162 .... 183 packets received, 7671 bps, 95.89%, Err 2 (5.1e-06)
050.379 Send DATA 28 with ACK 22, ID 10188
050.455 [1;37mRecv DATA 23 with [1;32mACK 23[1;37m, ID 20183[0m
050.642 Send DATA 29 with ACK 23, ID 10189
050.688 [1;37mRecv DATA 24 with [1;32mACK 24[1;37m, ID 20184[0m
050.905 Send DATA 30 with ACK 24, ID 10190
050.980 [1;37mRecv DATA 25 with [1;32mACK 25[1;37m, ID 20185[0m
051.165 Send DATA 31 with ACK 25, ID 10191
051.226 [1;37mRecv DATA 26 with [1;32mACK 26[1;37m, ID 20186[0m
051.426 Send DATA 0 with ACK 26, ID 10192
051.487 [1;37mRecv DATA 27 with [1;32mACK 27[1;37m, ID 20187[0m
051.686 Send DATA 1 with ACK 27, ID 10193
051.748 [1;37mRecv DATA 28 with [1;32mACK 28[1;37m, ID 20188[0m
051.950 Send DATA 2 with ACK 28, ID 10194
052.011 [1;37mRecv DATA 29 with [1;32mACK 29[1;37m, ID 20189[0m
052.212 Send DATA 3 with ACK 29, ID 10195
052.275 [1;37mRecv DATA 30 with [1;32mACK 30[1;37m, ID 20190[0m
052.275 .... 191 packets received, 7674 bps, 95.93%, Err 3 (7.3e-06)
052.476 Send DATA 4 with ACK 30, ID 10196
052.554 [1;37mRecv DATA 31 with [1;32mACK 31[1;37m, ID 20191[0m
052.738 Send DATA 5 with ACK 31, ID 10197
052.814 [1;37mRecv DATA 0 with [1;32mACK 0[1;37m, ID 20192[0m
052.844 [1;35mRecv NAK 1[0m
052.844 Send DATA 1 with ACK 0, ID 10193
053.104 [1;37mRecv DATA 1 with [1;32mACK 0[1;37m, ID 20193[0m
053.276 Send DATA 6 with ACK 1, ID 10198
053.353 [1;37mRecv DATA 2 with [1;32mACK 0[1;37m, ID 20194[0m
053.553 Send DATA 7 with ACK 2, ID 10199
053.614 [1;37mRecv DATA 3 with [1;32mACK 0[1;37m, ID 20195[0m
053.798 Send DATA 8 with ACK 3, ID 10200
053.876 [1;37mRecv DATA 4 with [1;32mACK 0[1;37m, ID 20196[0m
054.063 Send DATA 9 with ACK 4, ID 10201
054.110 [1;37mRecv DATA 5 with [1;32mACK 0[1;37m, ID 20197[0m
054.340 Send DATA 10 with ACK 5, ID 10202
054.402 [1;37mRecv DATA 6 with [1;32mACK 6[1;37m, ID 20198[0m
054.402 .... 199 packets received, 7676 bps, 95.95%, Err 3 (7.0e-06)
054.587 Send DATA 11 with ACK 6, ID 10203
054.693 [1;37mRecv DATA 7 with [1;32mACK 7[1;37m, ID 20199[0m
054.863 Send DATA 12 with ACK 7, ID 10204
054.910 [1;37mRecv DATA 8 with [1;32mACK 8[1;37m, ID 20200[0m
055.126 Send DATA 13 with ACK 8, ID 10205
055.172 [1;37mRecv DATA 9 with [1;32mACK 9[1;37m, ID 20201[0m
055.388 Send DATA 14 with ACK 9, ID 10206
055.433 [1;37mRecv DATA 10 with [1;32mACK 10[1;37m, ID 20202[0m
055.648 Send DATA 15 with ACK 10, ID 10207
055.724 [1;37mRecv DATA 11 with [1;32mACK 11[1;37m, ID 20203[0m
055.909 Send DATA 16 with ACK 11, ID 10208
055.987 [1;37mRecv DATA 12 with [1;32mACK 11[1;37m, ID 20204[0m
056.172 Send DATA 17 with ACK 12, ID 10209
056.264 [1;37mRecv DATA 13 with [1;32mACK 13[1;37m, ID 20205[0m
056.434 Send DATA 18 with ACK 13, ID 10210
056.480 [1;37mRecv DATA 14 with [1;32mACK 13[1;37m, ID 20206[0m
056.481 .... 207 packets received, 7683 bps, 96.04%, Err 3 (6.8e-06)
056.711 Send DATA 19 with ACK 14, ID 10211
056.788 [1;37mRecv DATA 15 with [1;32mACK 15[1;37m, ID 20207[0m
056.973 Send DATA 20 with ACK 15, ID 10212
057.034 [1;37mRecv DATA 16 with [1;32mACK 16[1;37m, ID 20208[0m
057.236 Send DATA 21 with ACK 16, ID 10213
057.297 [1;37mRecv DATA 17 with [1;32mACK 17[1;37m, ID 20209[0m
057.499 Send DATA 22 with ACK 17, ID 10214
057.561 [1;37mRecv DATA 18 with [1;32mACK 17[1;37m, ID 20210[0m
057.763 Send DATA 23 with ACK 18, ID 10215
057.825 [1;37mRecv DATA 19 with [1;32mACK 19[1;37m, ID 20211[0m
058.026 Send DATA 24 with ACK 19, ID 10216
058.102 [1;37mRecv DATA 20 with [1;32mACK 19[1;37m, ID 20212[0m
058.287 Send DATA 25 with ACK 20, ID 10217
058.364 [1;37mRecv DATA 21 with [1;32mACK 21[1;37m, ID 20213[0m
058.548 Send DATA 26 with ACK 21, ID 10218
058.640 [1;37mRecv DATA 22 with [1;32mACK 22[1;37m, ID 20214[0m
058.641 .... 215 packets received, 7680 bps, 96.00%, Err 3 (6.5e-06)
058.810 Send DATA 27 with ACK 22, ID 10219
058.872 [1;37mRecv DATA 23 with [1;32mACK 22[1;37m, ID 20215[0m
059.073 Send DATA 28 with ACK 23, ID 10220
059.134 [1;37mRecv DATA 24 with [1;32mACK 24[1;37m, ID 20216[0m
059.348 Send DATA 29 with ACK 24, ID 10221
059.410 [1;37mRecv DATA 25 with [1;32mACK 25[1;37m, ID 20217[0m
059.614 Send DATA 30 with ACK 25, ID 10222
059.675 [1;37mRecv DATA 26 with [1;32mACK 26[1;37m, ID 20218[0m
059.829 TCP Disconnected.
