000.000 =============================================================
000.000                     Station B                               
000.000 -------------------------------------------------------------
000.000 Protocol.lib, version 4.0, jiangyanjun0718@bupt.edu.cn
000.000 Channel: 8000 bps, 270 ms propagation delay, bit error rate 1.0E-05
000.000 Log file "D:\Network_Lab1\Debug\datalink-B.log", TCP port 59144, debug mask 0x03
000.000 Station B is connecting station A (TCP port 59144) ... Done.
000.463 New epoch: Sat May  4 15:54:07 2024
000.463 =================================================================
000.463 
000.463 Designed by Ma Jiashuai, build: May  4 2024  15:53:57
001.027 [1;37mRecv DATA 0 with [1;32mACK 31[1;37m, ID 10000[0m
001.043 Send DATA 0 with ACK 0, ID 20000
001.290 [1;37mRecv DATA 1 with [1;32mACK 31[1;37m, ID 10001[0m
001.291 Send DATA 1 with ACK 1, ID 20001
001.535 Send DATA 2 with ACK 1, ID 20002
001.566 [1;37mRecv DATA 2 with [1;32mACK 31[1;37m, ID 10002[0m
001.796 [1;37mRecv DATA 3 with [1;32mACK 31[1;37m, ID 10003[0m
001.797 Send DATA 3 with ACK 3, ID 20003
002.058 [1;37mRecv DATA 4 with [1;32mACK 31[1;37m, ID 10004[0m
002.089 Send DATA 4 with ACK 4, ID 20004
002.349 [1;37mRecv DATA 5 with [1;32mACK 0[1;37m, ID 10005[0m
002.349 Send DATA 5 with ACK 5, ID 20005
002.610 [1;37mRecv DATA 6 with [1;32mACK 1[1;37m, ID 10006[0m
002.610 Send DATA 6 with ACK 6, ID 20006
002.869 Send DATA 7 with ACK 6, ID 20007
002.870 [1;37mRecv DATA 7 with [1;32mACK 2[1;37m, ID 10007[0m
002.870 .... 8 packets received, 7747 bps, 96.83%, Err 0 (0.0e+00)
002.900 [1;35mRecv NAK 3[0m
002.900 Send DATA 3 with ACK 7, ID 20003
003.131 [1;37mRecv DATA 8 with [1;32mACK 2[1;37m, ID 10008[0m
003.392 [1;37mRecv DATA 9 with [1;32mACK 2[1;37m, ID 10009[0m
003.393 Send DATA 8 with ACK 9, ID 20008
003.655 [1;37mRecv DATA 10 with [1;32mACK 2[1;37m, ID 10010[0m
003.655 Send DATA 9 with ACK 10, ID 20009
003.916 [1;37mRecv DATA 11 with [1;32mACK 2[1;37m, ID 10011[0m
003.917 Send DATA 10 with ACK 11, ID 20010
004.177 Send DATA 11 with ACK 11, ID 20011
004.177 [1;37mRecv DATA 12 with [1;32mACK 2[1;37m, ID 10012[0m
004.441 [1;37mRecv DATA 13 with [1;32mACK 7[1;37m, ID 10013[0m
004.442 Send DATA 12 with ACK 13, ID 20012
004.703 [1;37mRecv DATA 14 with [1;32mACK 8[1;37m, ID 10014[0m
004.703 Send DATA 13 with ACK 14, ID 20013
004.965 Send DATA 14 with ACK 14, ID 20014
004.996 [1;37mRecv DATA 15 with [1;32mACK 9[1;37m, ID 10015[0m
004.997 .... 16 packets received, 7726 bps, 96.58%, Err 0 (0.0e+00)
005.228 Send DATA 15 with ACK 15, ID 20015
005.273 [1;37mRecv DATA 16 with [1;32mACK 10[1;37m, ID 10016[0m
005.506 Send DATA 16 with ACK 16, ID 20016
005.536 [1;37mRecv DATA 17 with [1;32mACK 11[1;37m, ID 10017[0m
005.765 Send DATA 17 with ACK 17, ID 20017
005.796 [1;37mRecv DATA 18 with [1;32mACK 12[1;37m, ID 10018[0m
006.027 Send DATA 18 with ACK 18, ID 20018
006.058 [1;37mRecv DATA 19 with [1;32mACK 13[1;37m, ID 10019[0m
006.289 [1;37mRecv DATA 20 with [1;32mACK 14[1;37m, ID 10020[0m
006.290 Send DATA 19 with ACK 20, ID 20019
006.554 [1;37mRecv DATA 21 with [1;32mACK 15[1;37m, ID 10021[0m
006.554 Send DATA 20 with ACK 21, ID 20020
006.818 [1;37mRecv DATA 22 with [1;32mACK 16[1;37m, ID 10022[0m
006.819 Send DATA 21 with ACK 22, ID 20021
007.082 Send DATA 22 with ACK 22, ID 20022
007.113 [1;37mRecv DATA 23 with [1;32mACK 17[1;37m, ID 10023[0m
007.113 .... 24 packets received, 7731 bps, 96.63%, Err 0 (0.0e+00)
007.346 [1;37mRecv DATA 24 with [1;32mACK 18[1;37m, ID 10024[0m
007.346 Send DATA 23 with ACK 24, ID 20023
007.609 [1;37mRecv DATA 25 with [1;32mACK 19[1;37m, ID 10025[0m
007.610 Send DATA 24 with ACK 25, ID 20024
007.871 [1;37mRecv DATA 26 with [1;32mACK 20[1;37m, ID 10026[0m
007.872 Send DATA 25 with ACK 26, ID 20025
008.136 Send DATA 26 with ACK 26, ID 20026
008.168 [1;37mRecv DATA 27 with [1;32mACK 21[1;37m, ID 10027[0m
008.414 Send DATA 27 with ACK 27, ID 20027
008.445 [1;37mRecv DATA 28 with [1;32mACK 22[1;37m, ID 10028[0m
008.689 [1;37mRecv DATA 29 with [1;32mACK 23[1;37m, ID 10029[0m
008.689 Send DATA 28 with ACK 29, ID 20028
008.936 Send DATA 29 with ACK 29, ID 20029
008.967 [1;37mRecv DATA 30 with [1;32mACK 24[1;37m, ID 10030[0m
009.199 [1;37mRecv DATA 31 with [1;32mACK 25[1;37m, ID 10031[0m
009.200 .... 32 packets received, 7761 bps, 97.02%, Err 0 (0.0e+00)
009.200 Send DATA 30 with ACK 31, ID 20030
009.464 Send DATA 31 with ACK 31, ID 20031
009.495 [1;37mRecv DATA 0 with [1;32mACK 26[1;37m, ID 10032[0m
009.725 [1;37mRecv DATA 1 with [1;32mACK 27[1;37m, ID 10033[0m
009.725 Send DATA 0 with ACK 1, ID 20032
009.988 [1;37mRecv DATA 2 with [1;32mACK 28[1;37m, ID 10034[0m
009.988 Send DATA 1 with ACK 2, ID 20033
010.252 [1;37mRecv DATA 3 with [1;32mACK 29[1;37m, ID 10035[0m
010.253 Send DATA 2 with ACK 3, ID 20034
010.518 [1;37mRecv DATA 4 with [1;32mACK 30[1;37m, ID 10036[0m
010.519 Send DATA 3 with ACK 4, ID 20035
010.779 Send DATA 4 with ACK 4, ID 20036
010.810 [1;37mRecv DATA 5 with [1;32mACK 31[1;37m, ID 10037[0m
011.044 Send DATA 5 with ACK 5, ID 20037
011.075 [1;37mRecv DATA 6 with [1;32mACK 0[1;37m, ID 10038[0m
011.304 [1;37mRecv DATA 7 with [1;32mACK 1[1;37m, ID 10039[0m
011.305 .... 40 packets received, 7766 bps, 97.07%, Err 0 (0.0e+00)
011.305 Send DATA 6 with ACK 7, ID 20038
011.573 [1;37mRecv DATA 8 with [1;32mACK 2[1;37m, ID 10040[0m
011.573 Send DATA 7 with ACK 8, ID 20039
011.834 [1;37mRecv DATA 9 with [1;32mACK 3[1;37m, ID 10041[0m
011.835 Send DATA 8 with ACK 9, ID 20040
012.097 Send DATA 9 with ACK 9, ID 20041
012.128 [1;37mRecv DATA 10 with [1;32mACK 4[1;37m, ID 10042[0m
012.361 Send DATA 10 with ACK 10, ID 20042
012.391 [1;37mRecv DATA 11 with [1;32mACK 5[1;37m, ID 10043[0m
012.624 Send DATA 11 with ACK 11, ID 20043
012.655 [1;37mRecv DATA 12 with [1;32mACK 6[1;37m, ID 10044[0m
012.888 Send DATA 12 with ACK 12, ID 20044
012.918 [1;37mRecv DATA 13 with [1;32mACK 7[1;37m, ID 10045[0m
013.165 Send DATA 13 with ACK 13, ID 20045
013.196 [1;37mRecv DATA 14 with [1;32mACK 8[1;37m, ID 10046[0m
013.412 Send DATA 14 with ACK 14, ID 20046
013.443 [1;37mRecv DATA 15 with [1;32mACK 9[1;37m, ID 10047[0m
013.444 .... 48 packets received, 7748 bps, 96.85%, Err 0 (0.0e+00)
013.689 Send DATA 15 with ACK 15, ID 20047
013.705 [1;37mRecv DATA 16 with [1;32mACK 10[1;37m, ID 10048[0m
013.949 [1;37mRecv DATA 17 with [1;32mACK 11[1;37m, ID 10049[0m
013.949 Send DATA 16 with ACK 17, ID 20048
014.213 Send DATA 17 with ACK 17, ID 20049
014.244 [1;37mRecv DATA 18 with [1;32mACK 12[1;37m, ID 10050[0m
014.490 [1;37mRecv DATA 19 with [1;32mACK 13[1;37m, ID 10051[0m
014.491 Send DATA 18 with ACK 19, ID 20050
014.738 Send DATA 19 with ACK 19, ID 20051
014.754 [1;37mRecv DATA 20 with [1;32mACK 14[1;37m, ID 10052[0m
015.001 [1;37mRecv DATA 21 with [1;32mACK 15[1;37m, ID 10053[0m
015.002 Send DATA 20 with ACK 21, ID 20052
015.262 Send DATA 21 with ACK 21, ID 20053
015.293 [1;37mRecv DATA 22 with [1;32mACK 16[1;37m, ID 10054[0m
015.525 Send DATA 22 with ACK 22, ID 20054
015.556 [1;37mRecv DATA 23 with [1;32mACK 17[1;37m, ID 10055[0m
015.557 .... 56 packets received, 7749 bps, 96.86%, Err 0 (0.0e+00)
015.788 Send DATA 23 with ACK 23, ID 20055
015.818 [1;37mRecv DATA 24 with [1;32mACK 18[1;37m, ID 10056[0m
016.064 Send DATA 24 with ACK 24, ID 20056
016.080 [1;37mRecv DATA 25 with [1;32mACK 19[1;37m, ID 10057[0m
016.328 [1;37mRecv DATA 26 with [1;32mACK 20[1;37m, ID 10058[0m
016.328 Send DATA 25 with ACK 26, ID 20057
016.607 [1;37mRecv DATA 27 with [1;32mACK 21[1;37m, ID 10059[0m
016.608 Send DATA 26 with ACK 27, ID 20058
016.868 [1;37mRecv DATA 28 with [1;32mACK 22[1;37m, ID 10060[0m
016.869 Send DATA 27 with ACK 28, ID 20059
017.114 Send DATA 28 with ACK 28, ID 20060
017.144 [1;37mRecv DATA 29 with [1;32mACK 23[1;37m, ID 10061[0m
017.393 Send DATA 29 with ACK 29, ID 20061
017.409 [1;37mRecv DATA 30 with [1;32mACK 24[1;37m, ID 10062[0m
017.642 Send DATA 30 with ACK 30, ID 20062
017.658 [1;37mRecv DATA 31 with [1;32mACK 25[1;37m, ID 10063[0m
017.658 .... 64 packets received, 7754 bps, 96.93%, Err 0 (0.0e+00)
017.905 [1;37mRecv DATA 0 with [1;32mACK 26[1;37m, ID 10064[0m
017.905 Send DATA 31 with ACK 0, ID 20063
018.166 Send DATA 0 with ACK 0, ID 20064
018.198 [1;37mRecv DATA 1 with [1;32mACK 27[1;37m, ID 10065[0m
018.430 Send DATA 1 with ACK 1, ID 20065
018.460 [1;37mRecv DATA 2 with [1;32mACK 28[1;37m, ID 10066[0m
018.694 Send DATA 2 with ACK 2, ID 20066
018.725 [1;37mRecv DATA 3 with [1;32mACK 29[1;37m, ID 10067[0m
018.972 Send DATA 3 with ACK 3, ID 20067
019.002 [1;37mRecv DATA 4 with [1;32mACK 30[1;37m, ID 10068[0m
019.235 [1;37mRecv DATA 5 with [1;32mACK 31[1;37m, ID 10069[0m
019.235 Send DATA 4 with ACK 5, ID 20068
019.500 [1;37mRecv DATA 6 with [1;32mACK 0[1;37m, ID 10070[0m
019.500 Send DATA 5 with ACK 6, ID 20069
019.748 Send DATA 6 with ACK 6, ID 20070
019.779 [1;37mRecv DATA 7 with [1;32mACK 1[1;37m, ID 10071[0m
019.779 .... 72 packets received, 7751 bps, 96.89%, Err 0 (0.0e+00)
020.027 Send DATA 7 with ACK 7, ID 20071
020.042 [1;37mRecv DATA 8 with [1;32mACK 2[1;37m, ID 10072[0m
020.276 Send DATA 8 with ACK 8, ID 20072
020.307 [1;37mRecv DATA 9 with [1;32mACK 3[1;37m, ID 10073[0m
020.540 Send DATA 9 with ACK 9, ID 20073
020.570 [1;37mRecv DATA 10 with [1;32mACK 4[1;37m, ID 10074[0m
020.817 Send DATA 10 with ACK 10, ID 20074
020.848 [1;37mRecv DATA 11 with [1;32mACK 5[1;37m, ID 10075[0m
021.081 [1;37mRecv DATA 12 with [1;32mACK 6[1;37m, ID 10076[0m
021.082 Send DATA 11 with ACK 12, ID 20075
021.346 [1;37mRecv DATA 13 with [1;32mACK 7[1;37m, ID 10077[0m
021.346 Send DATA 12 with ACK 13, ID 20076
021.608 Send DATA 13 with ACK 13, ID 20077
021.639 [1;37mRecv DATA 14 with [1;32mACK 8[1;37m, ID 10078[0m
021.886 [1;31m**** Receiver Error, Bad CRC Checksum[0m
021.886 [1;34mSend NAK 15[0m
021.886 Send DATA 14 with ACK 14, ID 20078
022.135 Send DATA 15 with ACK 14, ID 20079
022.150 [1;37mRecv DATA 16 with [1;32mACK 10[1;37m, ID 10080[0m
022.397 [1;37mRecv DATA 17 with [1;32mACK 11[1;37m, ID 10081[0m
022.398 Send DATA 16 with ACK 14, ID 20080
022.662 Send DATA 17 with ACK 14, ID 20081
022.694 [1;37mRecv DATA 18 with [1;32mACK 12[1;37m, ID 10082[0m
022.925 [1;37mRecv DATA 15 with [1;32mACK 13[1;37m, ID 10079[0m
022.925 .... 80 packets received, 7390 bps, 92.38%, Err 2 (1.1e-05)
022.926 Send DATA 18 with ACK 18, ID 20082
023.204 Send DATA 19 with ACK 18, ID 20083
023.219 [1;37mRecv DATA 19 with [1;32mACK 14[1;37m, ID 10083[0m
023.466 [1;37mRecv DATA 20 with [1;32mACK 15[1;37m, ID 10084[0m
023.466 Send DATA 20 with ACK 20, ID 20084
023.727 [1;37mRecv DATA 21 with [1;32mACK 16[1;37m, ID 10085[0m
023.727 Send DATA 21 with ACK 21, ID 20085
023.993 [1;37mRecv DATA 22 with [1;32mACK 17[1;37m, ID 10086[0m
023.993 Send DATA 22 with ACK 22, ID 20086
024.241 [1;37mRecv DATA 23 with [1;32mACK 18[1;37m, ID 10087[0m
024.256 Send DATA 23 with ACK 23, ID 20087
024.520 [1;37mRecv DATA 24 with [1;32mACK 19[1;37m, ID 10088[0m
024.521 Send DATA 24 with ACK 24, ID 20088
024.783 [1;37mRecv DATA 25 with [1;32mACK 20[1;37m, ID 10089[0m
024.783 Send DATA 25 with ACK 25, ID 20089
025.061 [1;37mRecv DATA 26 with [1;32mACK 21[1;37m, ID 10090[0m
025.062 .... 91 packets received, 7668 bps, 95.84%, Err 2 (1.0e-05)
025.062 Send DATA 26 with ACK 26, ID 20090
025.322 [1;37mRecv DATA 27 with [1;32mACK 22[1;37m, ID 10091[0m
025.322 Send DATA 27 with ACK 27, ID 20091
025.568 Send DATA 28 with ACK 27, ID 20092
025.598 [1;37mRecv DATA 28 with [1;32mACK 23[1;37m, ID 10092[0m
025.828 [1;37mRecv DATA 29 with [1;32mACK 24[1;37m, ID 10093[0m
025.828 Send DATA 29 with ACK 29, ID 20093
026.091 Send DATA 30 with ACK 29, ID 20094
026.121 [1;37mRecv DATA 30 with [1;32mACK 25[1;37m, ID 10094[0m
026.353 [1;37mRecv DATA 31 with [1;32mACK 26[1;37m, ID 10095[0m
026.384 Send DATA 31 with ACK 31, ID 20095
026.634 Send DATA 0 with ACK 31, ID 20096
026.665 [1;37mRecv DATA 0 with [1;32mACK 27[1;37m, ID 10096[0m
026.882 [1;37mRecv DATA 1 with [1;32mACK 28[1;37m, ID 10097[0m
026.883 Send DATA 1 with ACK 1, ID 20097
027.145 [1;37mRecv DATA 2 with [1;32mACK 29[1;37m, ID 10098[0m
027.145 .... 99 packets received, 7683 bps, 96.04%, Err 2 (9.4e-06)
027.175 Send DATA 2 with ACK 2, ID 20098
027.438 [1;37mRecv DATA 3 with [1;32mACK 30[1;37m, ID 10099[0m
027.438 Send DATA 3 with ACK 3, ID 20099
027.685 Send DATA 4 with ACK 3, ID 20100
027.701 [1;37mRecv DATA 4 with [1;32mACK 31[1;37m, ID 10100[0m
027.947 [1;37mRecv DATA 5 with [1;32mACK 0[1;37m, ID 10101[0m
027.947 Send DATA 5 with ACK 5, ID 20101
028.208 [1;37mRecv DATA 6 with [1;32mACK 1[1;37m, ID 10102[0m
028.209 Send DATA 6 with ACK 6, ID 20102
028.471 Send DATA 7 with ACK 6, ID 20103
028.501 [1;37mRecv DATA 7 with [1;32mACK 2[1;37m, ID 10103[0m
028.747 [1;37mRecv DATA 8 with [1;32mACK 3[1;37m, ID 10104[0m
028.748 Send DATA 8 with ACK 8, ID 20104
029.008 [1;37mRecv DATA 9 with [1;32mACK 4[1;37m, ID 10105[0m
029.009 Send DATA 9 with ACK 9, ID 20105
029.271 [1;37mRecv DATA 10 with [1;32mACK 5[1;37m, ID 10106[0m
029.272 .... 107 packets received, 7685 bps, 96.06%, Err 3 (1.3e-05)
029.272 Send DATA 10 with ACK 10, ID 20106
029.519 [1;37mRecv DATA 11 with [1;32mACK 6[1;37m, ID 10107[0m
029.550 Send DATA 11 with ACK 11, ID 20107
029.794 Send DATA 12 with ACK 11, ID 20108
029.825 [1;37mRecv DATA 12 with [1;32mACK 7[1;37m, ID 10108[0m
030.071 [1;37mRecv DATA 13 with [1;32mACK 8[1;37m, ID 10109[0m
030.071 Send DATA 13 with ACK 13, ID 20109
030.318 Send DATA 14 with ACK 13, ID 20110
030.333 [1;37mRecv DATA 14 with [1;32mACK 9[1;37m, ID 10110[0m
030.594 [1;37mRecv DATA 15 with [1;32mACK 10[1;37m, ID 10111[0m
030.595 Send DATA 15 with ACK 15, ID 20111
030.856 [1;37mRecv DATA 16 with [1;32mACK 11[1;37m, ID 10112[0m
030.856 Send DATA 16 with ACK 16, ID 20112
031.118 [1;37mRecv DATA 17 with [1;32mACK 12[1;37m, ID 10113[0m
031.119 Send DATA 17 with ACK 17, ID 20113
031.381 [1;37mRecv DATA 18 with [1;32mACK 13[1;37m, ID 10114[0m
031.382 .... 115 packets received, 7690 bps, 96.13%, Err 3 (1.2e-05)
031.382 Send DATA 18 with ACK 18, ID 20114
031.657 [1;37mRecv DATA 19 with [1;32mACK 14[1;37m, ID 10115[0m
031.657 Send DATA 19 with ACK 19, ID 20115
031.904 Send DATA 20 with ACK 19, ID 20116
031.934 [1;37mRecv DATA 20 with [1;32mACK 15[1;37m, ID 10116[0m
032.164 [1;37mRecv DATA 21 with [1;32mACK 16[1;37m, ID 10117[0m
032.165 Send DATA 21 with ACK 21, ID 20117
032.455 Send DATA 22 with ACK 21, ID 20118
032.455 [1;37mRecv DATA 22 with [1;32mACK 17[1;37m, ID 10118[0m
032.701 Send DATA 23 with ACK 22, ID 20119
032.731 [1;37mRecv DATA 23 with [1;32mACK 18[1;37m, ID 10119[0m
032.964 [1;37mRecv DATA 24 with [1;32mACK 19[1;37m, ID 10120[0m
032.964 Send DATA 24 with ACK 24, ID 20120
033.241 [1;37mRecv DATA 25 with [1;32mACK 20[1;37m, ID 10121[0m
033.241 Send DATA 25 with ACK 25, ID 20121
033.486 Send DATA 26 with ACK 25, ID 20122
033.517 [1;37mRecv DATA 26 with [1;32mACK 21[1;37m, ID 10122[0m
033.517 .... 123 packets received, 7689 bps, 96.11%, Err 3 (1.1e-05)
033.747 [1;37mRecv DATA 27 with [1;32mACK 22[1;37m, ID 10123[0m
033.748 Send DATA 27 with ACK 27, ID 20123
034.025 Send DATA 28 with ACK 27, ID 20124
034.056 [1;37mRecv DATA 28 with [1;32mACK 23[1;37m, ID 10124[0m
034.287 [1;37mRecv DATA 29 with [1;32mACK 24[1;37m, ID 10125[0m
034.287 Send DATA 29 with ACK 29, ID 20125
034.317 [1;35mRecv NAK 25[0m
034.318 Send DATA 25 with ACK 29, ID 20121
034.578 [1;37mRecv DATA 30 with [1;32mACK 24[1;37m, ID 10126[0m
034.808 Send DATA 30 with ACK 30, ID 20126
034.839 [1;37mRecv DATA 31 with [1;32mACK 24[1;37m, ID 10127[0m
035.072 Send DATA 31 with ACK 31, ID 20127
035.103 [1;37mRecv DATA 0 with [1;32mACK 24[1;37m, ID 10128[0m
035.334 [1;37mRecv DATA 1 with [1;32mACK 24[1;37m, ID 10129[0m
035.334 Send DATA 0 with ACK 1, ID 20128
035.598 Send DATA 1 with ACK 1, ID 20129
035.660 [1;37mRecv DATA 2 with [1;32mACK 24[1;37m, ID 10130[0m
035.660 .... 131 packets received, 7686 bps, 96.08%, Err 3 (1.1e-05)
035.877 Send DATA 2 with ACK 2, ID 20130
035.907 [1;37mRecv DATA 3 with [1;32mACK 29[1;37m, ID 10131[0m
036.123 Send DATA 3 with ACK 3, ID 20131
036.184 [1;37mRecv DATA 4 with [1;32mACK 30[1;37m, ID 10132[0m
036.399 Send DATA 4 with ACK 4, ID 20132
036.415 [1;37mRecv DATA 5 with [1;32mACK 31[1;37m, ID 10133[0m
036.678 [1;37mRecv DATA 6 with [1;32mACK 0[1;37m, ID 10134[0m
036.678 Send DATA 5 with ACK 6, ID 20133
036.924 Send DATA 6 with ACK 6, ID 20134
036.954 [1;37mRecv DATA 7 with [1;32mACK 1[1;37m, ID 10135[0m
037.185 Send DATA 7 with ACK 7, ID 20135
037.216 [1;37mRecv DATA 8 with [1;32mACK 2[1;37m, ID 10136[0m
037.461 Send DATA 8 with ACK 8, ID 20136
037.491 [1;37mRecv DATA 9 with [1;32mACK 3[1;37m, ID 10137[0m
037.707 Send DATA 9 with ACK 9, ID 20137
037.723 [1;37mRecv DATA 10 with [1;32mACK 4[1;37m, ID 10138[0m
037.723 .... 139 packets received, 7700 bps, 96.26%, Err 3 (1.0e-05)
037.999 [1;37mRecv DATA 11 with [1;32mACK 5[1;37m, ID 10139[0m
038.000 Send DATA 10 with ACK 11, ID 20138
038.248 Send DATA 11 with ACK 11, ID 20139
038.279 [1;37mRecv DATA 12 with [1;32mACK 6[1;37m, ID 10140[0m
038.511 [1;37mRecv DATA 13 with [1;32mACK 7[1;37m, ID 10141[0m
038.511 Send DATA 12 with ACK 13, ID 20140
038.773 [1;37mRecv DATA 14 with [1;32mACK 8[1;37m, ID 10142[0m
038.774 Send DATA 13 with ACK 14, ID 20141
039.037 [1;37mRecv DATA 15 with [1;32mACK 9[1;37m, ID 10143[0m
039.037 Send DATA 14 with ACK 15, ID 20142
039.300 Send DATA 15 with ACK 15, ID 20143
039.331 [1;37mRecv DATA 16 with [1;32mACK 10[1;37m, ID 10144[0m
039.563 [1;37mRecv DATA 17 with [1;32mACK 11[1;37m, ID 10145[0m
039.564 Send DATA 16 with ACK 17, ID 20144
039.824 Send DATA 17 with ACK 17, ID 20145
039.855 [1;37mRecv DATA 18 with [1;32mACK 12[1;37m, ID 10146[0m
039.856 .... 147 packets received, 7700 bps, 96.25%, Err 3 (9.5e-06)
040.087 [1;37mRecv DATA 19 with [1;32mACK 13[1;37m, ID 10147[0m
040.088 Send DATA 18 with ACK 19, ID 20146
040.349 Send DATA 19 with ACK 19, ID 20147
040.379 [1;37mRecv DATA 20 with [1;32mACK 14[1;37m, ID 10148[0m
040.612 Send DATA 20 with ACK 20, ID 20148
040.642 [1;37mRecv DATA 21 with [1;32mACK 15[1;37m, ID 10149[0m
040.887 Send DATA 21 with ACK 21, ID 20149
040.919 [1;37mRecv DATA 22 with [1;32mACK 16[1;37m, ID 10150[0m
041.153 [1;37mRecv DATA 23 with [1;32mACK 17[1;37m, ID 10151[0m
041.154 Send DATA 22 with ACK 23, ID 20150
041.416 [1;37mRecv DATA 24 with [1;32mACK 18[1;37m, ID 10152[0m
041.417 Send DATA 23 with ACK 24, ID 20151
041.679 [1;37mRecv DATA 25 with [1;32mACK 19[1;37m, ID 10153[0m
041.679 Send DATA 24 with ACK 25, ID 20152
041.940 Send DATA 25 with ACK 25, ID 20153
041.971 [1;37mRecv DATA 26 with [1;32mACK 20[1;37m, ID 10154[0m
041.971 .... 155 packets received, 7702 bps, 96.28%, Err 4 (1.2e-05)
042.199 Send DATA 26 with ACK 26, ID 20154
042.245 [1;37mRecv DATA 27 with [1;32mACK 21[1;37m, ID 10155[0m
042.460 Send DATA 27 with ACK 27, ID 20155
042.491 [1;37mRecv DATA 28 with [1;32mACK 22[1;37m, ID 10156[0m
042.737 Send DATA 28 with ACK 28, ID 20156
042.768 [1;37mRecv DATA 29 with [1;32mACK 23[1;37m, ID 10157[0m
043.002 [1;37mRecv DATA 30 with [1;32mACK 24[1;37m, ID 10158[0m
043.002 Send DATA 29 with ACK 30, ID 20157
043.262 [1;37mRecv DATA 31 with [1;32mACK 25[1;37m, ID 10159[0m
043.263 Send DATA 30 with ACK 31, ID 20158
043.527 Send DATA 31 with ACK 31, ID 20159
043.557 [1;37mRecv DATA 0 with [1;32mACK 26[1;37m, ID 10160[0m
043.789 [1;37mRecv DATA 1 with [1;32mACK 27[1;37m, ID 10161[0m
043.789 Send DATA 0 with ACK 1, ID 20160
044.053 Send DATA 1 with ACK 1, ID 20161
044.084 [1;37mRecv DATA 2 with [1;32mACK 28[1;37m, ID 10162[0m
044.085 .... 163 packets received, 7704 bps, 96.31%, Err 4 (1.1e-05)
044.317 Send DATA 2 with ACK 2, ID 20162
044.347 [1;37mRecv DATA 3 with [1;32mACK 29[1;37m, ID 10163[0m
044.578 [1;37mRecv DATA 4 with [1;32mACK 30[1;37m, ID 10164[0m
044.578 Send DATA 3 with ACK 4, ID 20163
044.838 [1;37mRecv DATA 5 with [1;32mACK 31[1;37m, ID 10165[0m
044.839 Send DATA 4 with ACK 5, ID 20164
045.114 Send DATA 5 with ACK 5, ID 20165
045.129 [1;37mRecv DATA 6 with [1;32mACK 0[1;37m, ID 10166[0m
045.374 [1;37mRecv DATA 7 with [1;32mACK 1[1;37m, ID 10167[0m
045.375 Send DATA 6 with ACK 7, ID 20166
045.637 Send DATA 7 with ACK 7, ID 20167
045.668 [1;37mRecv DATA 8 with [1;32mACK 2[1;37m, ID 10168[0m
045.901 [1;37mRecv DATA 9 with [1;32mACK 3[1;37m, ID 10169[0m
045.902 Send DATA 8 with ACK 9, ID 20168
046.162 [1;37mRecv DATA 10 with [1;32mACK 4[1;37m, ID 10170[0m
046.162 .... 171 packets received, 7713 bps, 96.41%, Err 4 (1.1e-05)
046.163 Send DATA 9 with ACK 10, ID 20169
046.425 [1;37mRecv DATA 11 with [1;32mACK 5[1;37m, ID 10171[0m
046.425 Send DATA 10 with ACK 11, ID 20170
046.688 Send DATA 11 with ACK 11, ID 20171
046.719 [1;37mRecv DATA 12 with [1;32mACK 6[1;37m, ID 10172[0m
046.948 Send DATA 12 with ACK 12, ID 20172
047.008 [1;37mRecv DATA 13 with [1;32mACK 7[1;37m, ID 10173[0m
047.225 Send DATA 13 with ACK 13, ID 20173
047.255 [1;37mRecv DATA 14 with [1;32mACK 8[1;37m, ID 10174[0m
047.487 [1;37mRecv DATA 15 with [1;32mACK 9[1;37m, ID 10175[0m
047.487 Send DATA 14 with ACK 15, ID 20174
047.747 [1;37mRecv DATA 16 with [1;32mACK 10[1;37m, ID 10176[0m
047.747 Send DATA 15 with ACK 16, ID 20175
048.009 [1;37mRecv DATA 17 with [1;32mACK 11[1;37m, ID 10177[0m
048.010 Send DATA 16 with ACK 17, ID 20176
048.273 Send DATA 17 with ACK 17, ID 20177
048.303 [1;37mRecv DATA 18 with [1;32mACK 12[1;37m, ID 10178[0m
048.304 .... 179 packets received, 7710 bps, 96.37%, Err 4 (1.0e-05)
048.550 Send DATA 18 with ACK 18, ID 20178
048.565 [1;37mRecv DATA 19 with [1;32mACK 13[1;37m, ID 10179[0m
048.796 Send DATA 19 with ACK 19, ID 20179
048.827 [1;37mRecv DATA 20 with [1;32mACK 14[1;37m, ID 10180[0m
049.059 Send DATA 20 with ACK 20, ID 20180
049.089 [1;37mRecv DATA 21 with [1;32mACK 15[1;37m, ID 10181[0m
049.335 Send DATA 21 with ACK 21, ID 20181
049.366 [1;37mRecv DATA 22 with [1;32mACK 16[1;37m, ID 10182[0m
049.597 [1;37mRecv DATA 23 with [1;32mACK 17[1;37m, ID 10183[0m
049.597 Send DATA 22 with ACK 23, ID 20182
049.855 Send DATA 23 with ACK 23, ID 20183
049.901 [1;37mRecv DATA 24 with [1;32mACK 18[1;37m, ID 10184[0m
050.115 Send DATA 24 with ACK 24, ID 20184
050.146 [1;37mRecv DATA 25 with [1;32mACK 19[1;37m, ID 10185[0m
050.379 Send DATA 25 with ACK 25, ID 20185
050.409 [1;37mRecv DATA 26 with [1;32mACK 20[1;37m, ID 10186[0m
050.410 .... 187 packets received, 7713 bps, 96.41%, Err 4 (1.0e-05)
050.657 Send DATA 26 with ACK 26, ID 20186
050.688 [1;37mRecv DATA 27 with [1;32mACK 21[1;37m, ID 10187[0m
050.920 Send DATA 27 with ACK 27, ID 20187
050.950 [1;37mRecv DATA 28 with [1;32mACK 22[1;37m, ID 10188[0m
051.180 Send DATA 28 with ACK 28, ID 20188
051.211 [1;37mRecv DATA 29 with [1;32mACK 23[1;37m, ID 10189[0m
051.456 Send DATA 29 with ACK 29, ID 20189
051.487 [1;37mRecv DATA 30 with [1;32mACK 24[1;37m, ID 10190[0m
051.701 Send DATA 30 with ACK 30, ID 20190
051.733 [1;37mRecv DATA 31 with [1;32mACK 25[1;37m, ID 10191[0m
051.966 Send DATA 31 with ACK 31, ID 20191
051.996 [1;37mRecv DATA 0 with [1;32mACK 26[1;37m, ID 10192[0m
052.228 Send DATA 0 with ACK 0, ID 20192
052.259 [1;31m**** Receiver Error, Bad CRC Checksum[0m
052.259 [1;34mSend NAK 1[0m
052.507 Send DATA 1 with ACK 0, ID 20193
052.538 [1;37mRecv DATA 2 with [1;32mACK 28[1;37m, ID 10194[0m
052.783 [1;37mRecv DATA 3 with [1;32mACK 29[1;37m, ID 10195[0m
052.784 Send DATA 2 with ACK 0, ID 20194
053.043 Send DATA 3 with ACK 0, ID 20195
053.073 [1;37mRecv DATA 4 with [1;32mACK 30[1;37m, ID 10196[0m
053.291 Send DATA 4 with ACK 0, ID 20196
053.321 [1;37mRecv DATA 5 with [1;32mACK 31[1;37m, ID 10197[0m
053.568 Send DATA 5 with ACK 0, ID 20197
053.584 [1;37mRecv DATA 1 with [1;32mACK 0[1;37m, ID 10193[0m
053.585 .... 194 packets received, 7521 bps, 94.01%, Err 5 (1.2e-05)
053.829 [1;37mRecv DATA 6 with [1;32mACK 1[1;37m, ID 10198[0m
053.829 Send DATA 6 with ACK 6, ID 20198
054.094 [1;37mRecv DATA 7 with [1;32mACK 2[1;37m, ID 10199[0m
054.095 Send DATA 7 with